<?xml version="1.0" encoding="UTF-8"?>
<!-- Generated by org.testng.reporters.JUnitReportReporter -->
<testsuite skipped="1" hostname="Nata-PC" name="org.testcases.HomeTest" tests="3" failures="0" timestamp="01 Oct 2019 10:38:13 GMT" time="63.568" errors="1">
  <testcase name="setUP" time="62.603" classname="org.testcases.HomeTest">
    <error type="org.openqa.selenium.SessionNotCreatedException" message="session not created
from chrome not reachable
  (Session info: chrome=77.0.3865.90)
Build info: version: &#039;3.141.59&#039;, revision: &#039;e82be7d358&#039;, time: &#039;2018-11-14T08:17:03&#039;
System info: host: &#039;NATA-PC&#039;, ip: &#039;192.168.43.173&#039;, os.name: &#039;Windows 7&#039;, os.arch: &#039;amd64&#039;, os.version: &#039;6.1&#039;, java.version: &#039;1.8.0_191&#039;
Driver info: driver.version: ChromeDriver
remote stacktrace: Backtrace:
	Ordinal0 [0x0037EB13+1501971]
	Ordinal0 [0x002FF6D1+980689]
	Ordinal0 [0x00287508+488712]
	Ordinal0 [0x0028131A+463642]
	Ordinal0 [0x002819C8+465352]
	Ordinal0 [0x00282AA5+469669]
	Ordinal0 [0x0027EC85+453765]
	Ordinal0 [0x00288330+492336]
	Ordinal0 [0x0023A108+172296]
	Ordinal0 [0x0023942D+169005]
	Ordinal0 [0x002378EB+162027]
	Ordinal0 [0x00220AC7+68295]
	Ordinal0 [0x00221B40+72512]
	Ordinal0 [0x00221AD9+72409]
	Ordinal0 [0x00318F37+1085239]
	GetHandleVerifier [0x0041D7ED+503293]
	GetHandleVerifier [0x0041D580+502672]
	GetHandleVerifier [0x004246AC+531644]
	GetHandleVerifier [0x0041DFFA+505354]
	Ordinal0 [0x00310606+1050118]
	Ordinal0 [0x0031047F+1049727]
	Ordinal0 [0x0031AF9B+1093531]
	Ordinal0 [0x0031B103+1093891]
	Ordinal0 [0x0031A095+1089685]
	BaseThreadInitThunk [0x767E343D+18]
	RtlInitializeExceptionChain [0x77A99802+99]
	RtlInitializeExceptionChain [0x77A997D5+54]
">
      <![CDATA[org.openqa.selenium.SessionNotCreatedException: session not created
from chrome not reachable
  (Session info: chrome=77.0.3865.90)
Build info: version: '3.141.59', revision: 'e82be7d358', time: '2018-11-14T08:17:03'
System info: host: 'NATA-PC', ip: '192.168.43.173', os.name: 'Windows 7', os.arch: 'amd64', os.version: '6.1', java.version: '1.8.0_191'
Driver info: driver.version: ChromeDriver
remote stacktrace: Backtrace:
Ordinal0 [0x0037EB13+1501971]
Ordinal0 [0x002FF6D1+980689]
Ordinal0 [0x00287508+488712]
Ordinal0 [0x0028131A+463642]
Ordinal0 [0x002819C8+465352]
Ordinal0 [0x00282AA5+469669]
Ordinal0 [0x0027EC85+453765]
Ordinal0 [0x00288330+492336]
Ordinal0 [0x0023A108+172296]
Ordinal0 [0x0023942D+169005]
Ordinal0 [0x002378EB+162027]
Ordinal0 [0x00220AC7+68295]
Ordinal0 [0x00221B40+72512]
Ordinal0 [0x00221AD9+72409]
Ordinal0 [0x00318F37+1085239]
GetHandleVerifier [0x0041D7ED+503293]
GetHandleVerifier [0x0041D580+502672]
GetHandleVerifier [0x004246AC+531644]
GetHandleVerifier [0x0041DFFA+505354]
Ordinal0 [0x00310606+1050118]
Ordinal0 [0x0031047F+1049727]
Ordinal0 [0x0031AF9B+1093531]
Ordinal0 [0x0031B103+1093891]
Ordinal0 [0x0031A095+1089685]
BaseThreadInitThunk [0x767E343D+18]
RtlInitializeExceptionChain [0x77A99802+99]
RtlInitializeExceptionChain [0x77A997D5+54]

at sun.reflect.NativeConstructorAccessorImpl.newInstance0(Native Method)
at sun.reflect.NativeConstructorAccessorImpl.newInstance(Unknown Source)
at sun.reflect.DelegatingConstructorAccessorImpl.newInstance(Unknown Source)
at java.lang.reflect.Constructor.newInstance(Unknown Source)
at org.openqa.selenium.remote.W3CHandshakeResponse.lambda$errorHandler$0(W3CHandshakeResponse.java:62)
at org.openqa.selenium.remote.HandshakeResponse.lambda$getResponseFunction$0(HandshakeResponse.java:30)
at org.openqa.selenium.remote.ProtocolHandshake.lambda$createSession$0(ProtocolHandshake.java:126)
at java.util.stream.ReferencePipeline$3$1.accept(Unknown Source)
at java.util.Spliterators$ArraySpliterator.tryAdvance(Unknown Source)
at java.util.stream.ReferencePipeline.forEachWithCancel(Unknown Source)
at java.util.stream.AbstractPipeline.copyIntoWithCancel(Unknown Source)
at java.util.stream.AbstractPipeline.copyInto(Unknown Source)
at java.util.stream.AbstractPipeline.wrapAndCopyInto(Unknown Source)
at java.util.stream.FindOps$FindOp.evaluateSequential(Unknown Source)
at java.util.stream.AbstractPipeline.evaluate(Unknown Source)
at java.util.stream.ReferencePipeline.findFirst(Unknown Source)
at org.openqa.selenium.remote.ProtocolHandshake.createSession(ProtocolHandshake.java:128)
at org.openqa.selenium.remote.ProtocolHandshake.createSession(ProtocolHandshake.java:74)
at org.openqa.selenium.remote.HttpCommandExecutor.execute(HttpCommandExecutor.java:136)
at org.openqa.selenium.remote.service.DriverCommandExecutor.execute(DriverCommandExecutor.java:83)
at org.openqa.selenium.remote.RemoteWebDriver.execute(RemoteWebDriver.java:552)
at org.openqa.selenium.remote.RemoteWebDriver.startSession(RemoteWebDriver.java:213)
at org.openqa.selenium.remote.RemoteWebDriver.<init>(RemoteWebDriver.java:131)
at org.openqa.selenium.chrome.ChromeDriver.<init>(ChromeDriver.java:181)
at org.openqa.selenium.chrome.ChromeDriver.<init>(ChromeDriver.java:168)
at org.openqa.selenium.chrome.ChromeDriver.<init>(ChromeDriver.java:123)
at org.testbase.Maintest.intilize(Maintest.java:43)
at org.testcases.HomeTest.setUP(HomeTest.java:20)
at sun.reflect.NativeMethodAccessorImpl.invoke0(Native Method)
at sun.reflect.NativeMethodAccessorImpl.invoke(Unknown Source)
at sun.reflect.DelegatingMethodAccessorImpl.invoke(Unknown Source)
at java.lang.reflect.Method.invoke(Unknown Source)
at org.testng.internal.MethodInvocationHelper.invokeMethod(MethodInvocationHelper.java:124)
at org.testng.internal.MethodInvocationHelper.invokeMethodConsideringTimeout(MethodInvocationHelper.java:59)
at org.testng.internal.Invoker.invokeConfigurationMethod(Invoker.java:458)
at org.testng.internal.Invoker.invokeConfigurations(Invoker.java:222)
at org.testng.internal.Invoker.invokeMethod(Invoker.java:523)
at org.testng.internal.Invoker.invokeTestMethod(Invoker.java:719)
at org.testng.internal.Invoker.invokeTestMethods(Invoker.java:989)
at org.testng.internal.TestMethodWorker.invokeTestMethods(TestMethodWorker.java:125)
at org.testng.internal.TestMethodWorker.run(TestMethodWorker.java:109)
at org.testng.TestRunner.privateRun(TestRunner.java:648)
at org.testng.TestRunner.run(TestRunner.java:505)
at org.testng.SuiteRunner.runTest(SuiteRunner.java:455)
at org.testng.SuiteRunner.runSequentially(SuiteRunner.java:450)
at org.testng.SuiteRunner.privateRun(SuiteRunner.java:415)
at org.testng.SuiteRunner.run(SuiteRunner.java:364)
at org.testng.SuiteRunnerWorker.runSuite(SuiteRunnerWorker.java:52)
at org.testng.SuiteRunnerWorker.run(SuiteRunnerWorker.java:84)
at org.testng.TestNG.runSuitesSequentially(TestNG.java:1208)
at org.testng.TestNG.runSuitesLocally(TestNG.java:1137)
at org.testng.TestNG.runSuites(TestNG.java:1049)
at org.testng.TestNG.run(TestNG.java:1017)
at org.testng.remote.AbstractRemoteTestNG.run(AbstractRemoteTestNG.java:114)
at org.testng.remote.RemoteTestNG.initAndRun(RemoteTestNG.java:251)
at org.testng.remote.RemoteTestNG.main(RemoteTestNG.java:77)
]]>
    </error>
  </testcase> <!-- setUP -->
  <testcase name="vertifyLogin" time="0.965" classname="org.testcases.HomeTest"/>
  <testcase name="clickNewgroup" time="0.000" classname="org.testcases.HomeTest">
    <skipped/>
  </testcase> <!-- clickNewgroup -->
</testsuite> <!-- org.testcases.HomeTest -->
